make all --print-data-base --no-builtin-variables --no-builtin-rules --question
# GNU Make 3.81
# Copyright (C) 2006  Free Software Foundation, Inc.
# This is free software; see the source for copying conditions.
# There is NO warranty; not even for MERCHANTABILITY or FITNESS FOR A
# PARTICULAR PURPOSE.

# This program built for i386-apple-darwin11.3.0

# Make data base, printed on Thu Jun 16 01:23:48 2022

# Variables

# automatic
<D = $(patsubst %/,%,$(dir $<))
# automatic
?F = $(notdir $?)
# environment
ELECTRON_NO_ATTACH_CONSOLE = 1
# environment
LC_CTYPE = UTF-8
# environment
VSCODE_LOG_NATIVE = false
# automatic
?D = $(patsubst %/,%,$(dir $?))
# automatic
@D = $(patsubst %/,%,$(dir $@))
# automatic
@F = $(notdir $@)
# makefile
CURDIR := /Users/orlando.romo/go/src/gofetch
# makefile (from `Makefile', line 2)
SHELL = /usr/bin/env bash
# environment
VSCODE_NLS_CONFIG = {"locale":"en-us","availableLanguages":{},"_languagePackSupport":true}
# environment
_ = /usr/bin/make
# environment
STARSHIP_SESSION_KEY = 1303111027645191
# environment
VSCODE_AMD_ENTRYPOINT = vs/workbench/api/node/extensionHostProcess
# environment
VSCODE_VERBOSE_LOGGING = true
# environment
__CFBundleIdentifier = com.microsoft.VSCode
# environment
VSCODE_IPC_HOOK_EXTHOST = /var/folders/x5/g_x3h44177j76s4cp0wv2w8h0000gn/T/vscode-ipc-8d9f2b24-15e8-4281-8c84-3c65e12dc478.sock
# environment
VSCODE_CWD = /Users/orlando.romo/go/src/gofetch
# environment
GOPROXY = https://proxy.golang.org,direct
# environment
PATH = /Users/orlando.romo/.rbenv/shims:/usr/local/opt/ruby/bin:/usr/local/lib/ruby/gems/3.0.3/bin:/usr/local/opt/ruby/bin:/Users/orlando.romo/.rbenv/bin:/Users/orlando.romo/dh-tools/dh-dev-tools:/Users/orlando.romo/go/bin:/Users/orlando.romo/bin:/usr/local/bin:/Library/Frameworks/Python.framework/Versions/2.7/bin:/usr/local/bin:/usr/bin:/bin:/usr/sbin:/sbin:/usr/local/go/bin:/Users/orlando.romo/.cargo/bin:/Users/orlando.romo/.fig/bin:/Users/orlando.romo/.local/bin:/usr/local/go/bin:/Users/orlando.romo/.gem/ruby/2.6.0/bin
# environment
LSCOLORS = Gxfxcxdxbxegedabagacad
# makefile (from `Makefile', line 1)
MAKEFILE_LIST :=  Makefile
# environment
GOPATH = /Users/orlando.romo/go
# environment
VSCODE_LOG_STACK = false
# environment
ELECTRON_RUN_AS_NODE = 1
# makefile (from `Makefile', line 5)
LDFLAGS = "-X 'main.buildTime=$(shell date)' -X 'main.lastCommit=$(shell git rev-parse HEAD)' -X 'main.semanticVersion=$(shell git describe --tags --dirty=-dev)'"
# default
.FEATURES := target-specific order-only second-expansion else-if archives jobserver check-symlink
# environment
SSH_AUTH_SOCK = /private/tmp/com.apple.launchd.ufkXmpQYIj/Listeners
# automatic
%F = $(notdir $%)
# environment
TTY = /dev/ttys008
# environment
VSCODE_PIPE_LOGGING = true
# environment
FIG_PID = 55277
# environment
PWD = /Users/orlando.romo/go/src/gofetch
# environment
ORIGINAL_XDG_CURRENT_DESKTOP = undefined
# environment
GOMODCACHE = /Users/orlando.romo/go/pkg/mod
# environment
HOME = /Users/orlando.romo
# default
MAKEFILEPATH = $(shell /usr/bin/xcode-select -print-path 2>/dev/null || echo /Developer)/Makefiles
# environment
VSCODE_CLI = 1
# environment
VSCODE_CODE_CACHE_PATH = /Users/orlando.romo/Library/Application Support/Code/CachedData/4af164ea3a06f701fe3e89a2bcbb421d2026b68f
# environment
LOGNAME = orlando.romo
# environment
APPLICATION_INSIGHTS_NO_DIAGNOSTIC_CHANNEL = true
# environment
ZSH = /Users/orlando.romo/.oh-my-zsh
# environment
VSCODE_HANDLES_UNCAUGHT_ERRORS = true
# automatic
^D = $(patsubst %/,%,$(dir $^))
# environment
XPC_FLAGS = 0x0
# environment
COLORTERM = truecolor
# default
MAKE = $(MAKE_COMMAND)
# environment
LC_TERMINAL = iTerm2
# environment
SHLVL = 3
# environment
FIG_TERM = 1
# default
MAKE_VERSION := 3.81
# environment
USER = orlando.romo
# environment
FIG_TERM_VERSION = 4.4.0
# default
MAKECMDGOALS := all
# environment
TERM_SESSION_ID = w0t3p0:FF04C8BB-27E0-4F33-937F-FD654D4A7796
# environment
LESS = -R
# automatic
%D = $(patsubst %/,%,$(dir $%))
# environment
FIG_INTEGRATION_VERSION = 8
# default
MAKE_COMMAND := /Library/Developer/CommandLineTools/usr/bin/make
# environment
TERM_PROGRAM = iTerm.app
# default
.VARIABLES := 
# environment
TMPDIR = /var/folders/x5/g_x3h44177j76s4cp0wv2w8h0000gn/T/
# automatic
*F = $(notdir $*)
# makefile (from `Makefile', line 6)
GOOS = $(shell go env GOOS)
# environment
VSCODE_IPC_HOOK = /Users/orlando.romo/Library/Application Support/Code/1.68.0-main.sock
# environment
ASDF_DATA_DIR = /usr/local/opt/asdf/
# makefile
MAKEFLAGS = Rrqp
# environment
MFLAGS = -Rrqp
# automatic
*D = $(patsubst %/,%,$(dir $*))
# environment
TERM_PROGRAM_VERSION = 3.4.15
# environment
XPC_SERVICE_NAME = application.com.microsoft.VSCode.26520458.26520464.A644185C-1916-4B75-AB5D-BE04C7053ED9
# environment
LC_TERMINAL_VERSION = 3.4.15
# automatic
+D = $(patsubst %/,%,$(dir $+))
# makefile (from `Makefile', line 4)
PWD_PROJECT = $(shell pwd)
# automatic
+F = $(notdir $+)
# environment
ITERM_SESSION_ID = w0t3p0:FF04C8BB-27E0-4F33-937F-FD654D4A7796
# environment
COLORFGBG = 15;0
# environment
__CF_USER_TEXT_ENCODING = 0x1F5:0x0:0x0
# environment
COMMAND_MODE = unix2003
# default
MAKEFILES := 
# environment
RBENV_SHELL = zsh
# automatic
<F = $(notdir $<)
# environment
ITERM_PROFILE = Default
# makefile (from `Makefile', line 3)
PROJECTNAME = $(shell basename "$(PWD)")
# environment
PAGER = less
# environment
LC_ALL = C
# makefile (from `Makefile', line 7)
GOARCH = $(shell go env GOARCH)
# automatic
^F = $(notdir $^)
# default
SUFFIXES := 
# default
.INCLUDE_DIRS = /usr/local/include
# environment
MAKELEVEL := 0
# makefile
.DEFAULT_GOAL := help
# environment
LANG = C
# environment
TERM = xterm-256color
# environment
VSCODE_PID = 70658
# environment
STARSHIP_SHELL = zsh
# environment
ENVAR_AWS_SECRET_KEY = ur++X656KsLzxkPOTSWR2bVDl+z5S3kYUC/0bLqB
# variable set hash-table stats:
# Load=97/1024=9%, Rehash=0, Collisions=11/122=9%

# Pattern-specific Variable Values

# No pattern-specific variable values.

# Directories

# . (device 16777221, inode 2607641): 16 files, no impossibilities.

# 16 files, no impossibilities in 1 directories.

# Implicit Rules

# No implicit rules.

# Files

# Not a target:
all:
#  Command-line target.
#  Implicit rule search has been done.
#  File does not exist.
#  File has not been updated.
# variable set hash-table stats:
# Load=0/32=0%, Rehash=0, Collisions=0/0=0%

.PHONY: help build
#  Implicit rule search has not been done.
#  Modification time never checked.
#  File has not been updated.

# Not a target:
.SUFFIXES:
#  Implicit rule search has not been done.
#  Modification time never checked.
#  File has not been updated.

# Not a target:
Makefile:
#  Implicit rule search has been done.
#  Last modified 2022-06-16 01:23:34
#  File has been updated.
#  Successfully updated.
# variable set hash-table stats:
# Load=0/32=0%, Rehash=0, Collisions=0/0=0%

build:
#  Phony target (prerequisite of .PHONY).
#  Implicit rule search has not been done.
#  File does not exist.
#  File has not been updated.
#  commands to execute (from `Makefile', line 19):
	@echo "--> Building gofetch binary for $(GOOS):$(GOARCH)"
	@env GOOS=$(GOOS) GOACH=$(GOARCH) go build -o gofetch ./cmd/main.go
	@echo "--> gofetch for $(GOOS):$(GOARCH) built at $(PWD_PROJECT)"
	

help: Makefile
#  Phony target (prerequisite of .PHONY).
#  Implicit rule search has not been done.
#  File does not exist.
#  File has not been updated.
#  commands to execute (from `Makefile', line 12):
	@echo " Choose a command run in "$(PROJECTNAME)":"
	@sed -n 's/^##//p' $< | column -t -s ':' |  sed -e 's/^/ /'
	

# Not a target:
.DEFAULT:
#  Implicit rule search has not been done.
#  Modification time never checked.
#  File has not been updated.

# files hash-table stats:
# Load=7/1024=1%, Rehash=0, Collisions=0/23=0%
# VPATH Search Paths

# No `vpath' search paths.

# No general (`VPATH' variable) search path.

# # of strings in strcache: 1
# # of strcache buffers: 1
# strcache size: total = 4096 / max = 4096 / min = 4096 / avg = 4096
# strcache free: total = 4087 / max = 4087 / min = 4087 / avg = 4087

# Finished Make data base on Thu Jun 16 01:23:48 2022

 
make: *** No rule to make target `all'.  Stop.

